

*******************************************************************************
Tue Jun 04 21:29:03 2019


FIT:    data read from './data/springdata.csv' using ($2*9.81):1
        format = x:z
        #datapoints = 19
        residuals are weighted equally (unit weight)

function used for fitting: d(x)
	d(x) = k1+k2*x
fitted parameters initialized with current variable values

iter      chisq       delta/lim  lambda   k1            k2           
   0 8.2694761642e+02   0.00e+00  4.32e+00    1.000000e+00   1.000000e+00
   4 3.9740448614e-02  -2.35e-03  4.32e-04    6.562860e-02   4.643203e-02

After 4 iterations the fit converged.
final sum of squares of residuals : 0.0397404
rel. change during last iteration : -2.34697e-08

degrees of freedom    (FIT_NDF)                        : 17
rms of residuals      (FIT_STDFIT) = sqrt(WSSR/ndf)    : 0.0483495
variance of residuals (reduced chisquare) = WSSR/ndf   : 0.00233767

Final set of parameters            Asymptotic Standard Error
=======================            ==========================
k1              = 0.0656286        +/- 0.02489      (37.92%)
k2              = 0.046432         +/- 0.004129     (8.892%)

correlation matrix of the fit parameters:
                k1     k2     
k1              1.000 
k2             -0.895  1.000 


*******************************************************************************
Thu Jun 06 12:30:40 2019


FIT:    data read from './data/springdata.csv' using ($2*9.81):1
        format = x:z
        #datapoints = 19
        residuals are weighted equally (unit weight)

function used for fitting: d(x)
	d(x) = k1+k2*x
fitted parameters initialized with current variable values

iter      chisq       delta/lim  lambda   k1            k2           
   0 8.2694761642e+02   0.00e+00  4.32e+00    1.000000e+00   1.000000e+00
   4 3.9740448614e-02  -2.35e-03  4.32e-04    6.562860e-02   4.643203e-02

After 4 iterations the fit converged.
final sum of squares of residuals : 0.0397404
rel. change during last iteration : -2.34697e-08

degrees of freedom    (FIT_NDF)                        : 17
rms of residuals      (FIT_STDFIT) = sqrt(WSSR/ndf)    : 0.0483495
variance of residuals (reduced chisquare) = WSSR/ndf   : 0.00233767

Final set of parameters            Asymptotic Standard Error
=======================            ==========================
k1              = 0.0656286        +/- 0.02489      (37.92%)
k2              = 0.046432         +/- 0.004129     (8.892%)

correlation matrix of the fit parameters:
                k1     k2     
k1              1.000 
k2             -0.895  1.000 
